<?xml version="1.0" encoding="UTF-8"?>
<testng-results skipped="0" failed="0" ignored="0" total="0" passed="0">
  <reporter-output>
  </reporter-output>
  <suite name="com.dadong.user.service.UserServiceTest" duration-ms="2" started-at="2018-06-21T09:46:01Z" finished-at="2018-06-21T09:46:01Z">
    <groups>
    </groups>
    <test name="Command line test" duration-ms="2" started-at="2018-06-21T09:46:01Z" finished-at="2018-06-21T09:46:01Z">
    </test> <!-- Command line test -->
  </suite> <!-- com.dadong.user.service.UserServiceTest -->
</testng-results>
